[2025-06-06T14:53:51.451Z] 🚀 启动自动更新服务，更新间隔: 5 分钟
[2025-06-06T14:53:51.456Z] 开始执行定时更新...
[2025-06-06T14:53:51.457Z] 步骤1: 获取Notion数据...
[2025-06-06T14:53:51.457Z] 获取Notion数据 (尝试 1/3)...
[2025-06-06T14:53:51.458Z] 执行命令: node scripts/fetchNotionOfficial.js
[2025-06-06T14:53:51.465Z] 启用健康检查，间隔: 60 分钟
[2025-06-06T14:53:51.466Z] ----------------------------------------
[2025-06-06T14:53:51.466Z] 📊 自动更新服务状态报告
[2025-06-06T14:53:51.466Z] ----------------------------------------
[2025-06-06T14:53:51.467Z] 运行时间: 0天 0小时 0分钟 0秒
[2025-06-06T14:53:51.467Z] 环境: development
[2025-06-06T14:53:51.468Z] 更新间隔: 5分钟
[2025-06-06T14:53:51.468Z] 总更新次数: 1
[2025-06-06T14:53:51.469Z] 成功次数: 0
[2025-06-06T14:53:51.469Z] 失败次数: 0
[2025-06-06T14:53:51.470Z] 成功率: 0.00%
[2025-06-06T14:53:51.470Z] 最后更新: 0分钟前
[2025-06-06T14:53:51.470Z] 最后成功: 从未
[2025-06-06T14:53:51.470Z] 连续失败: 0
[2025-06-06T14:53:51.471Z] 当前状态: 正常
[2025-06-06T14:53:51.471Z] ----------------------------------------
